sudo -E bash -c "make -C ip"
make[1]: Entering directory '/home/jhlee/e3/tools/e3-ip/ip'
make -C ./configure install 
make[2]: Entering directory '/home/jhlee/e3/tools/e3-ip/ip/configure'
perl -CSD /epics/bases/base-3.15.5/bin/linux-x86_64/makeMakefile.pl O.linux-x86_64 ../..
mkdir O.Common
make -C O.linux-x86_64 -f ../Makefile TOP=../.. \
    T_A=linux-x86_64 install
make[3]: Entering directory '/home/jhlee/e3/tools/e3-ip/ip/configure/O.linux-x86_64'
Installing config file /epics/bases/base-3.15.5/epics-modules/ip/configure/RELEASE
make[3]: Leaving directory '/home/jhlee/e3/tools/e3-ip/ip/configure/O.linux-x86_64'
make[2]: Leaving directory '/home/jhlee/e3/tools/e3-ip/ip/configure'
make -C ./ipApp install 
make[2]: Entering directory '/home/jhlee/e3/tools/e3-ip/ip/ipApp'
make -C ./src install 
make[3]: Entering directory '/home/jhlee/e3/tools/e3-ip/ip/ipApp/src'
perl -CSD /epics/bases/base-3.15.5/bin/linux-x86_64/makeMakefile.pl O.linux-x86_64 ../../..
mkdir O.Common
make -C O.linux-x86_64 -f ../Makefile TOP=../../.. \
    T_A=linux-x86_64 install
make[4]: Entering directory '/home/jhlee/e3/tools/e3-ip/ip/ipApp/src/O.linux-x86_64'
/usr/bin/gcc  -D_GNU_SOURCE -D_DEFAULT_SOURCE            -D_X86_64_  -DUNIX  -Dlinux     -O3 -g   -Wall      -mtune=generic     -m64 -fPIC -I. -I../O.Common -I. -I. -I.. -I/epics/bases/base-3.15.5/epics-modules/ip/include/compiler/gcc -I/epics/bases/base-3.15.5/epics-modules/ip/include/os/Linux -I/epics/bases/base-3.15.5/epics-modules/ip/include   -I/epics/bases/base-3.15.5/epics-modules/asyn/include   -I/epics/bases/base-3.15.5/epics-modules/seq/include -I/epics/bases/base-3.15.5/include/compiler/gcc -I/epics/bases/base-3.15.5/include/os/Linux -I/epics/bases/base-3.15.5/include        -MM -MF devTPG261.d  ../devTPG261.c
/usr/bin/gcc  -D_GNU_SOURCE -D_DEFAULT_SOURCE            -D_X86_64_  -DUNIX  -Dlinux     -O3 -g   -Wall      -mtune=generic     -m64 -fPIC -I. -I../O.Common -I. -I. -I.. -I/epics/bases/base-3.15.5/epics-modules/ip/include/compiler/gcc -I/epics/bases/base-3.15.5/epics-modules/ip/include/os/Linux -I/epics/bases/base-3.15.5/epics-modules/ip/include   -I/epics/bases/base-3.15.5/epics-modules/asyn/include   -I/epics/bases/base-3.15.5/epics-modules/seq/include -I/epics/bases/base-3.15.5/include/compiler/gcc -I/epics/bases/base-3.15.5/include/os/Linux -I/epics/bases/base-3.15.5/include        -MM -MF devTelevac.d  ../devTelevac.c
/usr/bin/gcc  -D_GNU_SOURCE -D_DEFAULT_SOURCE            -D_X86_64_  -DUNIX  -Dlinux     -O3 -g   -Wall      -mtune=generic     -m64 -fPIC -I. -I../O.Common -I. -I. -I.. -I/epics/bases/base-3.15.5/epics-modules/ip/include/compiler/gcc -I/epics/bases/base-3.15.5/epics-modules/ip/include/os/Linux -I/epics/bases/base-3.15.5/epics-modules/ip/include   -I/epics/bases/base-3.15.5/epics-modules/asyn/include   -I/epics/bases/base-3.15.5/epics-modules/seq/include -I/epics/bases/base-3.15.5/include/compiler/gcc -I/epics/bases/base-3.15.5/include/os/Linux -I/epics/bases/base-3.15.5/include        -MM -MF devXxKeithleyDMM199Gpib.d  ../devXxKeithleyDMM199Gpib.c
/usr/bin/gcc  -D_GNU_SOURCE -D_DEFAULT_SOURCE            -D_X86_64_  -DUNIX  -Dlinux     -O3 -g   -Wall      -mtune=generic     -m64 -fPIC -I. -I../O.Common -I. -I. -I.. -I/epics/bases/base-3.15.5/epics-modules/ip/include/compiler/gcc -I/epics/bases/base-3.15.5/epics-modules/ip/include/os/Linux -I/epics/bases/base-3.15.5/epics-modules/ip/include   -I/epics/bases/base-3.15.5/epics-modules/asyn/include   -I/epics/bases/base-3.15.5/epics-modules/seq/include -I/epics/bases/base-3.15.5/include/compiler/gcc -I/epics/bases/base-3.15.5/include/os/Linux -I/epics/bases/base-3.15.5/include        -MM -MF devXxAX301.d  ../devXxAX301.c
/usr/bin/gcc  -D_GNU_SOURCE -D_DEFAULT_SOURCE            -D_X86_64_  -DUNIX  -Dlinux     -O3 -g   -Wall      -mtune=generic     -m64 -fPIC -I. -I../O.Common -I. -I. -I.. -I/epics/bases/base-3.15.5/epics-modules/ip/include/compiler/gcc -I/epics/bases/base-3.15.5/epics-modules/ip/include/os/Linux -I/epics/bases/base-3.15.5/epics-modules/ip/include   -I/epics/bases/base-3.15.5/epics-modules/asyn/include   -I/epics/bases/base-3.15.5/epics-modules/seq/include -I/epics/bases/base-3.15.5/include/compiler/gcc -I/epics/bases/base-3.15.5/include/os/Linux -I/epics/bases/base-3.15.5/include        -MM -MF devXxHeidenhainGpib.d  ../devXxHeidenhainGpib.c
/usr/bin/gcc  -D_GNU_SOURCE -D_DEFAULT_SOURCE            -D_X86_64_  -DUNIX  -Dlinux     -O3 -g   -Wall      -mtune=generic     -m64 -fPIC -I. -I../O.Common -I. -I. -I.. -I/epics/bases/base-3.15.5/epics-modules/ip/include/compiler/gcc -I/epics/bases/base-3.15.5/epics-modules/ip/include/os/Linux -I/epics/bases/base-3.15.5/epics-modules/ip/include   -I/epics/bases/base-3.15.5/epics-modules/asyn/include   -I/epics/bases/base-3.15.5/epics-modules/seq/include -I/epics/bases/base-3.15.5/include/compiler/gcc -I/epics/bases/base-3.15.5/include/os/Linux -I/epics/bases/base-3.15.5/include        -MM -MF devGP307gpib.d  ../devGP307gpib.c
/usr/bin/gcc  -D_GNU_SOURCE -D_DEFAULT_SOURCE            -D_X86_64_  -DUNIX  -Dlinux     -O3 -g   -Wall      -mtune=generic     -m64 -fPIC -I. -I../O.Common -I. -I. -I.. -I/epics/bases/base-3.15.5/epics-modules/ip/include/compiler/gcc -I/epics/bases/base-3.15.5/epics-modules/ip/include/os/Linux -I/epics/bases/base-3.15.5/epics-modules/ip/include   -I/epics/bases/base-3.15.5/epics-modules/asyn/include   -I/epics/bases/base-3.15.5/epics-modules/seq/include -I/epics/bases/base-3.15.5/include/compiler/gcc -I/epics/bases/base-3.15.5/include/os/Linux -I/epics/bases/base-3.15.5/include        -MM -MF devMPC.d  ../devMPC.c
preprocessing ../Federal.st
/usr/bin/gcc -x c -E  -D_GNU_SOURCE -D_DEFAULT_SOURCE            -D_X86_64_  -DUNIX  -Dlinux   -I. -I../O.Common -I. -I. -I.. -I/epics/bases/base-3.15.5/epics-modules/ip/include/compiler/gcc -I/epics/bases/base-3.15.5/epics-modules/ip/include/os/Linux -I/epics/bases/base-3.15.5/epics-modules/ip/include   -I/epics/bases/base-3.15.5/epics-modules/asyn/include   -I/epics/bases/base-3.15.5/epics-modules/seq/include -I/epics/bases/base-3.15.5/include/compiler/gcc -I/epics/bases/base-3.15.5/include/os/Linux -I/epics/bases/base-3.15.5/include        ../Federal.st > Federal.i
compiling Federal.i to C
/epics/bases/base-3.15.5/epics-modules/seq/bin/linux-x86_64/snc     Federal.i -o Federal.c.tmp
mv Federal.c.tmp Federal.c
/usr/bin/gcc  -D_GNU_SOURCE -D_DEFAULT_SOURCE            -D_X86_64_  -DUNIX  -Dlinux     -O3 -g   -Wall      -mtune=generic     -m64 -fPIC -I. -I../O.Common -I. -I. -I.. -I/epics/bases/base-3.15.5/epics-modules/ip/include/compiler/gcc -I/epics/bases/base-3.15.5/epics-modules/ip/include/os/Linux -I/epics/bases/base-3.15.5/epics-modules/ip/include   -I/epics/bases/base-3.15.5/epics-modules/asyn/include   -I/epics/bases/base-3.15.5/epics-modules/seq/include -I/epics/bases/base-3.15.5/include/compiler/gcc -I/epics/bases/base-3.15.5/include/os/Linux -I/epics/bases/base-3.15.5/include        -MM -MF Federal.d  Federal.c
preprocessing ../Keithley2kDMM_mf40.st
/usr/bin/gcc -x c -E  -D_GNU_SOURCE -D_DEFAULT_SOURCE            -D_X86_64_  -DUNIX  -Dlinux   -I. -I../O.Common -I. -I. -I.. -I/epics/bases/base-3.15.5/epics-modules/ip/include/compiler/gcc -I/epics/bases/base-3.15.5/epics-modules/ip/include/os/Linux -I/epics/bases/base-3.15.5/epics-modules/ip/include   -I/epics/bases/base-3.15.5/epics-modules/asyn/include   -I/epics/bases/base-3.15.5/epics-modules/seq/include -I/epics/bases/base-3.15.5/include/compiler/gcc -I/epics/bases/base-3.15.5/include/os/Linux -I/epics/bases/base-3.15.5/include        ../Keithley2kDMM_mf40.st > Keithley2kDMM_mf40.i
compiling Keithley2kDMM_mf40.i to C
/epics/bases/base-3.15.5/epics-modules/seq/bin/linux-x86_64/snc     Keithley2kDMM_mf40.i -o Keithley2kDMM_mf40.c.tmp
mv Keithley2kDMM_mf40.c.tmp Keithley2kDMM_mf40.c
/usr/bin/gcc  -D_GNU_SOURCE -D_DEFAULT_SOURCE            -D_X86_64_  -DUNIX  -Dlinux     -O3 -g   -Wall      -mtune=generic     -m64 -fPIC -I. -I../O.Common -I. -I. -I.. -I/epics/bases/base-3.15.5/epics-modules/ip/include/compiler/gcc -I/epics/bases/base-3.15.5/epics-modules/ip/include/os/Linux -I/epics/bases/base-3.15.5/epics-modules/ip/include   -I/epics/bases/base-3.15.5/epics-modules/asyn/include   -I/epics/bases/base-3.15.5/epics-modules/seq/include -I/epics/bases/base-3.15.5/include/compiler/gcc -I/epics/bases/base-3.15.5/include/os/Linux -I/epics/bases/base-3.15.5/include        -MM -MF Keithley2kDMM_mf40.d  Keithley2kDMM_mf40.c
preprocessing ../Keithley65xxEM.st
/usr/bin/gcc -x c -E  -D_GNU_SOURCE -D_DEFAULT_SOURCE            -D_X86_64_  -DUNIX  -Dlinux   -I. -I../O.Common -I. -I. -I.. -I/epics/bases/base-3.15.5/epics-modules/ip/include/compiler/gcc -I/epics/bases/base-3.15.5/epics-modules/ip/include/os/Linux -I/epics/bases/base-3.15.5/epics-modules/ip/include   -I/epics/bases/base-3.15.5/epics-modules/asyn/include   -I/epics/bases/base-3.15.5/epics-modules/seq/include -I/epics/bases/base-3.15.5/include/compiler/gcc -I/epics/bases/base-3.15.5/include/os/Linux -I/epics/bases/base-3.15.5/include        ../Keithley65xxEM.st > Keithley65xxEM.i
compiling Keithley65xxEM.i to C
/epics/bases/base-3.15.5/epics-modules/seq/bin/linux-x86_64/snc     Keithley65xxEM.i -o Keithley65xxEM.c.tmp
mv Keithley65xxEM.c.tmp Keithley65xxEM.c
/usr/bin/gcc  -D_GNU_SOURCE -D_DEFAULT_SOURCE            -D_X86_64_  -DUNIX  -Dlinux     -O3 -g   -Wall      -mtune=generic     -m64 -fPIC -I. -I../O.Common -I. -I. -I.. -I/epics/bases/base-3.15.5/epics-modules/ip/include/compiler/gcc -I/epics/bases/base-3.15.5/epics-modules/ip/include/os/Linux -I/epics/bases/base-3.15.5/epics-modules/ip/include   -I/epics/bases/base-3.15.5/epics-modules/asyn/include   -I/epics/bases/base-3.15.5/epics-modules/seq/include -I/epics/bases/base-3.15.5/include/compiler/gcc -I/epics/bases/base-3.15.5/include/os/Linux -I/epics/bases/base-3.15.5/include        -MM -MF Keithley65xxEM.d  Keithley65xxEM.c
preprocessing ../Keithley2kDMM.st
/usr/bin/gcc -x c -E  -D_GNU_SOURCE -D_DEFAULT_SOURCE            -D_X86_64_  -DUNIX  -Dlinux   -I. -I../O.Common -I. -I. -I.. -I/epics/bases/base-3.15.5/epics-modules/ip/include/compiler/gcc -I/epics/bases/base-3.15.5/epics-modules/ip/include/os/Linux -I/epics/bases/base-3.15.5/epics-modules/ip/include   -I/epics/bases/base-3.15.5/epics-modules/asyn/include   -I/epics/bases/base-3.15.5/epics-modules/seq/include -I/epics/bases/base-3.15.5/include/compiler/gcc -I/epics/bases/base-3.15.5/include/os/Linux -I/epics/bases/base-3.15.5/include        ../Keithley2kDMM.st > Keithley2kDMM.i
compiling Keithley2kDMM.i to C
/epics/bases/base-3.15.5/epics-modules/seq/bin/linux-x86_64/snc     Keithley2kDMM.i -o Keithley2kDMM.c.tmp
mv Keithley2kDMM.c.tmp Keithley2kDMM.c
/usr/bin/gcc  -D_GNU_SOURCE -D_DEFAULT_SOURCE            -D_X86_64_  -DUNIX  -Dlinux     -O3 -g   -Wall      -mtune=generic     -m64 -fPIC -I. -I../O.Common -I. -I. -I.. -I/epics/bases/base-3.15.5/epics-modules/ip/include/compiler/gcc -I/epics/bases/base-3.15.5/epics-modules/ip/include/os/Linux -I/epics/bases/base-3.15.5/epics-modules/ip/include   -I/epics/bases/base-3.15.5/epics-modules/asyn/include   -I/epics/bases/base-3.15.5/epics-modules/seq/include -I/epics/bases/base-3.15.5/include/compiler/gcc -I/epics/bases/base-3.15.5/include/os/Linux -I/epics/bases/base-3.15.5/include        -MM -MF Keithley2kDMM.d  Keithley2kDMM.c
/usr/bin/gcc  -D_GNU_SOURCE -D_DEFAULT_SOURCE            -D_X86_64_  -DUNIX  -Dlinux     -O3 -g   -Wall      -mtune=generic     -m64 -fPIC -I. -I../O.Common -I. -I. -I.. -I/epics/bases/base-3.15.5/epics-modules/ip/include/compiler/gcc -I/epics/bases/base-3.15.5/epics-modules/ip/include/os/Linux -I/epics/bases/base-3.15.5/epics-modules/ip/include   -I/epics/bases/base-3.15.5/epics-modules/asyn/include   -I/epics/bases/base-3.15.5/epics-modules/seq/include -I/epics/bases/base-3.15.5/include/compiler/gcc -I/epics/bases/base-3.15.5/include/os/Linux -I/epics/bases/base-3.15.5/include        -MM -MF devAiMKS.d  ../devAiMKS.c
/usr/bin/gcc  -D_GNU_SOURCE -D_DEFAULT_SOURCE            -D_X86_64_  -DUNIX  -Dlinux     -O3 -g   -Wall      -mtune=generic     -m64 -fPIC -I. -I../O.Common -I. -I. -I.. -I/epics/bases/base-3.15.5/epics-modules/ip/include/compiler/gcc -I/epics/bases/base-3.15.5/epics-modules/ip/include/os/Linux -I/epics/bases/base-3.15.5/epics-modules/ip/include   -I/epics/bases/base-3.15.5/epics-modules/asyn/include   -I/epics/bases/base-3.15.5/epics-modules/seq/include -I/epics/bases/base-3.15.5/include/compiler/gcc -I/epics/bases/base-3.15.5/include/os/Linux -I/epics/bases/base-3.15.5/include        -MM -MF devAiHeidND261.d  ../devAiHeidND261.c
/usr/bin/gcc  -D_GNU_SOURCE -D_DEFAULT_SOURCE            -D_X86_64_  -DUNIX  -Dlinux     -O3 -g   -Wall      -mtune=generic     -m64 -fPIC -I. -I../O.Common -I. -I. -I.. -I/epics/bases/base-3.15.5/epics-modules/ip/include/compiler/gcc -I/epics/bases/base-3.15.5/epics-modules/ip/include/os/Linux -I/epics/bases/base-3.15.5/epics-modules/ip/include   -I/epics/bases/base-3.15.5/epics-modules/asyn/include   -I/epics/bases/base-3.15.5/epics-modules/seq/include -I/epics/bases/base-3.15.5/include/compiler/gcc -I/epics/bases/base-3.15.5/include/os/Linux -I/epics/bases/base-3.15.5/include        -MM -MF devXxEurotherm.d  ../devXxEurotherm.c
/usr/bin/gcc  -D_GNU_SOURCE -D_DEFAULT_SOURCE            -D_X86_64_  -DUNIX  -Dlinux     -O3 -g   -Wall      -mtune=generic     -m64 -fPIC -I. -I../O.Common -I. -I. -I.. -I/epics/bases/base-3.15.5/epics-modules/ip/include/compiler/gcc -I/epics/bases/base-3.15.5/epics-modules/ip/include/os/Linux -I/epics/bases/base-3.15.5/epics-modules/ip/include   -I/epics/bases/base-3.15.5/epics-modules/asyn/include   -I/epics/bases/base-3.15.5/epics-modules/seq/include -I/epics/bases/base-3.15.5/include/compiler/gcc -I/epics/bases/base-3.15.5/include/os/Linux -I/epics/bases/base-3.15.5/include        -MM -MF devXxStrParm.d  ../devXxStrParm.c
perl -CSD /epics/bases/base-3.15.5/bin/linux-x86_64/mkmf.pl -m Federal.st.d  .  ../compiler/gcc ../compiler/default .  ../os/Linux ../os/posix ../os/default ..  Federal.i ../Federal.st
perl -CSD /epics/bases/base-3.15.5/bin/linux-x86_64/mkmf.pl -m Keithley2kDMM_mf40.st.d  .  ../compiler/gcc ../compiler/default .  ../os/Linux ../os/posix ../os/default ..  Keithley2kDMM_mf40.i ../Keithley2kDMM_mf40.st
perl -CSD /epics/bases/base-3.15.5/bin/linux-x86_64/mkmf.pl -m Keithley65xxEM.st.d  .  ../compiler/gcc ../compiler/default .  ../os/Linux ../os/posix ../os/default ..  Keithley65xxEM.i ../Keithley65xxEM.st
perl -CSD /epics/bases/base-3.15.5/bin/linux-x86_64/mkmf.pl -m Keithley2kDMM.st.d  .  ../compiler/gcc ../compiler/default .  ../os/Linux ../os/posix ../os/default ..  Keithley2kDMM.i ../Keithley2kDMM.st
/usr/bin/gcc  -D_GNU_SOURCE -D_DEFAULT_SOURCE            -D_X86_64_  -DUNIX  -Dlinux     -O3 -g   -Wall      -mtune=generic     -m64 -fPIC -I. -I../O.Common -I. -I. -I.. -I/epics/bases/base-3.15.5/epics-modules/ip/include/compiler/gcc -I/epics/bases/base-3.15.5/epics-modules/ip/include/os/Linux -I/epics/bases/base-3.15.5/epics-modules/ip/include   -I/epics/bases/base-3.15.5/epics-modules/asyn/include   -I/epics/bases/base-3.15.5/epics-modules/seq/include -I/epics/bases/base-3.15.5/include/compiler/gcc -I/epics/bases/base-3.15.5/include/os/Linux -I/epics/bases/base-3.15.5/include        -c ../devXxStrParm.c
/usr/bin/gcc  -D_GNU_SOURCE -D_DEFAULT_SOURCE            -D_X86_64_  -DUNIX  -Dlinux     -O3 -g   -Wall      -mtune=generic     -m64 -fPIC -I. -I../O.Common -I. -I. -I.. -I/epics/bases/base-3.15.5/epics-modules/ip/include/compiler/gcc -I/epics/bases/base-3.15.5/epics-modules/ip/include/os/Linux -I/epics/bases/base-3.15.5/epics-modules/ip/include   -I/epics/bases/base-3.15.5/epics-modules/asyn/include   -I/epics/bases/base-3.15.5/epics-modules/seq/include -I/epics/bases/base-3.15.5/include/compiler/gcc -I/epics/bases/base-3.15.5/include/os/Linux -I/epics/bases/base-3.15.5/include        -c ../devXxEurotherm.c
/usr/bin/gcc  -D_GNU_SOURCE -D_DEFAULT_SOURCE            -D_X86_64_  -DUNIX  -Dlinux     -O3 -g   -Wall      -mtune=generic     -m64 -fPIC -I. -I../O.Common -I. -I. -I.. -I/epics/bases/base-3.15.5/epics-modules/ip/include/compiler/gcc -I/epics/bases/base-3.15.5/epics-modules/ip/include/os/Linux -I/epics/bases/base-3.15.5/epics-modules/ip/include   -I/epics/bases/base-3.15.5/epics-modules/asyn/include   -I/epics/bases/base-3.15.5/epics-modules/seq/include -I/epics/bases/base-3.15.5/include/compiler/gcc -I/epics/bases/base-3.15.5/include/os/Linux -I/epics/bases/base-3.15.5/include        -c ../devAiHeidND261.c
/usr/bin/gcc  -D_GNU_SOURCE -D_DEFAULT_SOURCE            -D_X86_64_  -DUNIX  -Dlinux     -O3 -g   -Wall      -mtune=generic     -m64 -fPIC -I. -I../O.Common -I. -I. -I.. -I/epics/bases/base-3.15.5/epics-modules/ip/include/compiler/gcc -I/epics/bases/base-3.15.5/epics-modules/ip/include/os/Linux -I/epics/bases/base-3.15.5/epics-modules/ip/include   -I/epics/bases/base-3.15.5/epics-modules/asyn/include   -I/epics/bases/base-3.15.5/epics-modules/seq/include -I/epics/bases/base-3.15.5/include/compiler/gcc -I/epics/bases/base-3.15.5/include/os/Linux -I/epics/bases/base-3.15.5/include        -c ../devAiMKS.c
/usr/bin/gcc  -D_GNU_SOURCE -D_DEFAULT_SOURCE            -D_X86_64_  -DUNIX  -Dlinux     -O3 -g   -Wall      -mtune=generic     -m64 -fPIC -I. -I../O.Common -I. -I. -I.. -I/epics/bases/base-3.15.5/epics-modules/ip/include/compiler/gcc -I/epics/bases/base-3.15.5/epics-modules/ip/include/os/Linux -I/epics/bases/base-3.15.5/epics-modules/ip/include   -I/epics/bases/base-3.15.5/epics-modules/asyn/include   -I/epics/bases/base-3.15.5/epics-modules/seq/include -I/epics/bases/base-3.15.5/include/compiler/gcc -I/epics/bases/base-3.15.5/include/os/Linux -I/epics/bases/base-3.15.5/include        -c Keithley2kDMM.c
/usr/bin/gcc  -D_GNU_SOURCE -D_DEFAULT_SOURCE            -D_X86_64_  -DUNIX  -Dlinux     -O3 -g   -Wall      -mtune=generic     -m64 -fPIC -I. -I../O.Common -I. -I. -I.. -I/epics/bases/base-3.15.5/epics-modules/ip/include/compiler/gcc -I/epics/bases/base-3.15.5/epics-modules/ip/include/os/Linux -I/epics/bases/base-3.15.5/epics-modules/ip/include   -I/epics/bases/base-3.15.5/epics-modules/asyn/include   -I/epics/bases/base-3.15.5/epics-modules/seq/include -I/epics/bases/base-3.15.5/include/compiler/gcc -I/epics/bases/base-3.15.5/include/os/Linux -I/epics/bases/base-3.15.5/include        -c Keithley65xxEM.c
/usr/bin/gcc  -D_GNU_SOURCE -D_DEFAULT_SOURCE            -D_X86_64_  -DUNIX  -Dlinux     -O3 -g   -Wall      -mtune=generic     -m64 -fPIC -I. -I../O.Common -I. -I. -I.. -I/epics/bases/base-3.15.5/epics-modules/ip/include/compiler/gcc -I/epics/bases/base-3.15.5/epics-modules/ip/include/os/Linux -I/epics/bases/base-3.15.5/epics-modules/ip/include   -I/epics/bases/base-3.15.5/epics-modules/asyn/include   -I/epics/bases/base-3.15.5/epics-modules/seq/include -I/epics/bases/base-3.15.5/include/compiler/gcc -I/epics/bases/base-3.15.5/include/os/Linux -I/epics/bases/base-3.15.5/include        -c Keithley2kDMM_mf40.c
/usr/bin/gcc  -D_GNU_SOURCE -D_DEFAULT_SOURCE            -D_X86_64_  -DUNIX  -Dlinux     -O3 -g   -Wall      -mtune=generic     -m64 -fPIC -I. -I../O.Common -I. -I. -I.. -I/epics/bases/base-3.15.5/epics-modules/ip/include/compiler/gcc -I/epics/bases/base-3.15.5/epics-modules/ip/include/os/Linux -I/epics/bases/base-3.15.5/epics-modules/ip/include   -I/epics/bases/base-3.15.5/epics-modules/asyn/include   -I/epics/bases/base-3.15.5/epics-modules/seq/include -I/epics/bases/base-3.15.5/include/compiler/gcc -I/epics/bases/base-3.15.5/include/os/Linux -I/epics/bases/base-3.15.5/include        -c Federal.c
/usr/bin/gcc  -D_GNU_SOURCE -D_DEFAULT_SOURCE            -D_X86_64_  -DUNIX  -Dlinux     -O3 -g   -Wall      -mtune=generic     -m64 -fPIC -I. -I../O.Common -I. -I. -I.. -I/epics/bases/base-3.15.5/epics-modules/ip/include/compiler/gcc -I/epics/bases/base-3.15.5/epics-modules/ip/include/os/Linux -I/epics/bases/base-3.15.5/epics-modules/ip/include   -I/epics/bases/base-3.15.5/epics-modules/asyn/include   -I/epics/bases/base-3.15.5/epics-modules/seq/include -I/epics/bases/base-3.15.5/include/compiler/gcc -I/epics/bases/base-3.15.5/include/os/Linux -I/epics/bases/base-3.15.5/include        -c ../devMPC.c
/usr/bin/gcc  -D_GNU_SOURCE -D_DEFAULT_SOURCE            -D_X86_64_  -DUNIX  -Dlinux     -O3 -g   -Wall      -mtune=generic     -m64 -fPIC -I. -I../O.Common -I. -I. -I.. -I/epics/bases/base-3.15.5/epics-modules/ip/include/compiler/gcc -I/epics/bases/base-3.15.5/epics-modules/ip/include/os/Linux -I/epics/bases/base-3.15.5/epics-modules/ip/include   -I/epics/bases/base-3.15.5/epics-modules/asyn/include   -I/epics/bases/base-3.15.5/epics-modules/seq/include -I/epics/bases/base-3.15.5/include/compiler/gcc -I/epics/bases/base-3.15.5/include/os/Linux -I/epics/bases/base-3.15.5/include        -c ../devGP307gpib.c
/usr/bin/gcc  -D_GNU_SOURCE -D_DEFAULT_SOURCE            -D_X86_64_  -DUNIX  -Dlinux     -O3 -g   -Wall      -mtune=generic     -m64 -fPIC -I. -I../O.Common -I. -I. -I.. -I/epics/bases/base-3.15.5/epics-modules/ip/include/compiler/gcc -I/epics/bases/base-3.15.5/epics-modules/ip/include/os/Linux -I/epics/bases/base-3.15.5/epics-modules/ip/include   -I/epics/bases/base-3.15.5/epics-modules/asyn/include   -I/epics/bases/base-3.15.5/epics-modules/seq/include -I/epics/bases/base-3.15.5/include/compiler/gcc -I/epics/bases/base-3.15.5/include/os/Linux -I/epics/bases/base-3.15.5/include        -c ../devXxHeidenhainGpib.c
/usr/bin/gcc  -D_GNU_SOURCE -D_DEFAULT_SOURCE            -D_X86_64_  -DUNIX  -Dlinux     -O3 -g   -Wall      -mtune=generic     -m64 -fPIC -I. -I../O.Common -I. -I. -I.. -I/epics/bases/base-3.15.5/epics-modules/ip/include/compiler/gcc -I/epics/bases/base-3.15.5/epics-modules/ip/include/os/Linux -I/epics/bases/base-3.15.5/epics-modules/ip/include   -I/epics/bases/base-3.15.5/epics-modules/asyn/include   -I/epics/bases/base-3.15.5/epics-modules/seq/include -I/epics/bases/base-3.15.5/include/compiler/gcc -I/epics/bases/base-3.15.5/include/os/Linux -I/epics/bases/base-3.15.5/include        -c ../devXxAX301.c
/usr/bin/gcc  -D_GNU_SOURCE -D_DEFAULT_SOURCE            -D_X86_64_  -DUNIX  -Dlinux     -O3 -g   -Wall      -mtune=generic     -m64 -fPIC -I. -I../O.Common -I. -I. -I.. -I/epics/bases/base-3.15.5/epics-modules/ip/include/compiler/gcc -I/epics/bases/base-3.15.5/epics-modules/ip/include/os/Linux -I/epics/bases/base-3.15.5/epics-modules/ip/include   -I/epics/bases/base-3.15.5/epics-modules/asyn/include   -I/epics/bases/base-3.15.5/epics-modules/seq/include -I/epics/bases/base-3.15.5/include/compiler/gcc -I/epics/bases/base-3.15.5/include/os/Linux -I/epics/bases/base-3.15.5/include        -c ../devXxKeithleyDMM199Gpib.c
/usr/bin/gcc  -D_GNU_SOURCE -D_DEFAULT_SOURCE            -D_X86_64_  -DUNIX  -Dlinux     -O3 -g   -Wall      -mtune=generic     -m64 -fPIC -I. -I../O.Common -I. -I. -I.. -I/epics/bases/base-3.15.5/epics-modules/ip/include/compiler/gcc -I/epics/bases/base-3.15.5/epics-modules/ip/include/os/Linux -I/epics/bases/base-3.15.5/epics-modules/ip/include   -I/epics/bases/base-3.15.5/epics-modules/asyn/include   -I/epics/bases/base-3.15.5/epics-modules/seq/include -I/epics/bases/base-3.15.5/include/compiler/gcc -I/epics/bases/base-3.15.5/include/os/Linux -I/epics/bases/base-3.15.5/include        -c ../devTelevac.c
/usr/bin/gcc  -D_GNU_SOURCE -D_DEFAULT_SOURCE            -D_X86_64_  -DUNIX  -Dlinux     -O3 -g   -Wall      -mtune=generic     -m64 -fPIC -I. -I../O.Common -I. -I. -I.. -I/epics/bases/base-3.15.5/epics-modules/ip/include/compiler/gcc -I/epics/bases/base-3.15.5/epics-modules/ip/include/os/Linux -I/epics/bases/base-3.15.5/epics-modules/ip/include   -I/epics/bases/base-3.15.5/epics-modules/asyn/include   -I/epics/bases/base-3.15.5/epics-modules/seq/include -I/epics/bases/base-3.15.5/include/compiler/gcc -I/epics/bases/base-3.15.5/include/os/Linux -I/epics/bases/base-3.15.5/include        -c ../devTPG261.c
/usr/bin/ar -rc    libip.a        devXxStrParm.o devXxEurotherm.o devAiHeidND261.o devAiMKS.o Keithley2kDMM.o Keithley65xxEM.o Keithley2kDMM_mf40.o Federal.o devMPC.o devGP307gpib.o devXxHeidenhainGpib.o devXxAX301.o devXxKeithleyDMM199Gpib.o devTelevac.o devTPG261.o 
/usr/bin/ranlib libip.a
/usr/bin/g++ -o libip.so -shared -fPIC -Wl,-hlibip.so -L/epics/bases/base-3.15.5/epics-modules/asyn/lib/linux-x86_64 -L/epics/bases/base-3.15.5/epics-modules/ip/lib/linux-x86_64 -L/epics/bases/base-3.15.5/epics-modules/seq/lib/linux-x86_64 -L/epics/bases/base-3.15.5/lib/linux-x86_64 -Wl,-rpath,/epics/bases/base-3.15.5/epics-modules/asyn/lib/linux-x86_64 -Wl,-rpath,/epics/bases/base-3.15.5/epics-modules/ip/lib/linux-x86_64 -Wl,-rpath,/epics/bases/base-3.15.5/epics-modules/seq/lib/linux-x86_64 -Wl,-rpath,/epics/bases/base-3.15.5/lib/linux-x86_64           -rdynamic -m64            devXxStrParm.o devXxEurotherm.o devAiHeidND261.o devAiMKS.o Keithley2kDMM.o Keithley65xxEM.o Keithley2kDMM_mf40.o Federal.o devMPC.o devGP307gpib.o devXxHeidenhainGpib.o devXxAX301.o devXxKeithleyDMM199Gpib.o devTelevac.o devTPG261.o    -lasyn -lseq -lpv -ldbRecStd -ldbCore -lca -lCom   -lpthread   -lreadline -lm -lrt -ldl -lgcc
Installing shared library /epics/bases/base-3.15.5/epics-modules/ip/lib/linux-x86_64/libip.so
Installing library /epics/bases/base-3.15.5/epics-modules/ip/lib/linux-x86_64/libip.a
make[4]: Leaving directory '/home/jhlee/e3/tools/e3-ip/ip/ipApp/src/O.linux-x86_64'
make[3]: Leaving directory '/home/jhlee/e3/tools/e3-ip/ip/ipApp/src'
make -C ./Db install 
make[3]: Entering directory '/home/jhlee/e3/tools/e3-ip/ip/ipApp/Db'
perl -CSD /epics/bases/base-3.15.5/bin/linux-x86_64/makeMakefile.pl O.linux-x86_64 ../../..
mkdir O.Common
make -C O.linux-x86_64 -f ../Makefile TOP=../../.. \
    T_A=linux-x86_64 install
make[4]: Entering directory '/home/jhlee/e3/tools/e3-ip/ip/ipApp/Db/O.linux-x86_64'
make[4]: Nothing to be done for 'install'.
make[4]: Leaving directory '/home/jhlee/e3/tools/e3-ip/ip/ipApp/Db/O.linux-x86_64'
make[3]: Leaving directory '/home/jhlee/e3/tools/e3-ip/ip/ipApp/Db'
make[2]: Leaving directory '/home/jhlee/e3/tools/e3-ip/ip/ipApp'
make[1]: Leaving directory '/home/jhlee/e3/tools/e3-ip/ip'
